2026-03-02 22:53:11 [info]: [server]: Server is running at http://localhost:5000
2026-03-02 22:53:11 [info]: MongoDB connected successfully
2026-03-02 22:54:37 [info]: Processing text consultation for user user_3AOiAiZXPMeFnxKB1D8N1NiBTnD in English
2026-03-02 22:58:59 [info]: Processing text consultation for user user_3AOiAiZXPMeFnxKB1D8N1NiBTnD in English
2026-03-02 22:59:57 [info]: Processing audio consultation for user user_3AOiAiZXPMeFnxKB1D8N1NiBTnD in English
2026-03-02 22:59:58 [error]: Sarvam STT Error: Request failed with status code 400
2026-03-02 22:59:58 [error]: Failed to convert speech to text
2026-03-02 23:00:13 [info]: Processing audio consultation for user user_3AOiAiZXPMeFnxKB1D8N1NiBTnD in Hindi
2026-03-02 23:00:14 [error]: Sarvam STT Error: Request failed with status code 400
2026-03-02 23:00:14 [error]: Failed to convert speech to text
2026-03-02 23:01:11 [info]: Processing text consultation for user user_3AOiAiZXPMeFnxKB1D8N1NiBTnD in Hindi
2026-03-02 23:01:12 [error]: Sarvam Translate Error: Request failed with status code 400
2026-03-02 23:01:12 [error]: Failed to translate text
2026-03-02 23:06:54 [info]: [server]: Server is running at http://localhost:5000
2026-03-02 23:06:54 [info]: MongoDB connected successfully
2026-03-02 23:07:30 [info]: Processing text consultation for user user_3AOiAiZXPMeFnxKB1D8N1NiBTnD in Hindi
2026-03-02 23:07:30 [error]: Sarvam Translate Error: Request failed with status code 400
2026-03-02 23:07:30 [error]: Failed to translate text
2026-03-02 23:31:10 [info]: [server]: Server is running at http://localhost:5000
2026-03-02 23:31:12 [info]: MongoDB connected successfully
2026-03-02 23:33:58 [info]: [server]: Server is running at http://localhost:5000
2026-03-02 23:33:59 [info]: MongoDB connected successfully
2026-03-02 23:34:17 [info]: [server]: Server is running at http://localhost:5000
2026-03-02 23:34:18 [info]: MongoDB connected successfully
2026-03-02 23:34:35 [info]: [server]: Server is running at http://localhost:5000
2026-03-02 23:34:40 [info]: [server]: Server is running at http://localhost:5000
2026-03-02 23:34:44 [info]: [server]: Server is running at http://localhost:5000
2026-03-02 23:34:44 [info]: MongoDB connected successfully
2026-03-02 23:36:30 [info]: [server]: Server is running at http://localhost:5000
2026-03-02 23:36:30 [info]: MongoDB connected successfully
2026-03-02 23:38:47 [info]: Processing text consultation for user user_3AOiAiZXPMeFnxKB1D8N1NiBTnD in Hindi
2026-03-02 23:39:34 [info]: Processing audio consultation for user user_3AOiAiZXPMeFnxKB1D8N1NiBTnD in Hindi
2026-03-02 23:39:36 [info]: Processing text consultation for user user_3AOiAiZXPMeFnxKB1D8N1NiBTnD in Hindi
2026-03-02 23:47:31 [info]: [server]: Server is running at http://localhost:5000
2026-03-02 23:47:32 [info]: MongoDB connected successfully
2026-03-02 23:47:41 [info]: [server]: Server is running at http://localhost:5000
2026-03-02 23:47:41 [info]: MongoDB connected successfully
2026-03-02 23:47:57 [info]: [server]: Server is running at http://localhost:5000
2026-03-02 23:47:57 [info]: MongoDB connected successfully
2026-03-02 23:49:47 [info]: Processing audio consultation for user user_3AOiAiZXPMeFnxKB1D8N1NiBTnD in Hindi
2026-03-02 23:49:48 [info]: Processing text consultation for user user_3AOiAiZXPMeFnxKB1D8N1NiBTnD in Hindi
2026-03-02 23:49:53 [info]: Translating response back to Hindi for user user_3AOiAiZXPMeFnxKB1D8N1NiBTnD
2026-03-02 23:49:55 [info]: Generating TTS audio response in Hindi
2026-03-02 23:50:04 [error]: Sarvam TTS SDK Error:
2026-03-02 23:50:04 [error]: Failed to generate TTS audio response for user user_3AOiAiZXPMeFnxKB1D8N1NiBTnD: Failed to generate speech
2026-03-02 23:54:21 [info]: [server]: Server is running at http://localhost:5000
2026-03-02 23:54:22 [info]: MongoDB connected successfully
2026-03-02 23:55:06 [info]: Processing audio consultation for user user_3AOiAiZXPMeFnxKB1D8N1NiBTnD in Hindi
2026-03-02 23:55:07 [info]: Processing text consultation for user user_3AOiAiZXPMeFnxKB1D8N1NiBTnD in Hindi
2026-03-02 23:55:12 [info]: Translating response back to Hindi for user user_3AOiAiZXPMeFnxKB1D8N1NiBTnD
2026-03-02 23:55:14 [info]: Generating TTS audio response in Hindi
2026-03-02 23:56:08 [info]: Processing audio consultation for user user_3AOiAiZXPMeFnxKB1D8N1NiBTnD in English
2026-03-02 23:56:10 [info]: Processing text consultation for user user_3AOiAiZXPMeFnxKB1D8N1NiBTnD in English
2026-03-02 23:56:14 [info]: Generating TTS audio response in English
2026-03-03 15:56:31 [info]: [server]: Server is running at http://localhost:5000
2026-03-03 15:56:32 [info]: MongoDB connected successfully
2026-03-03 15:58:37 [info]: [server]: Server is running at http://localhost:5000
2026-03-03 15:58:38 [info]: MongoDB connected successfully
2026-03-03 15:58:41 [info]: [server]: Server is running at http://localhost:5000
2026-03-03 15:58:43 [info]: MongoDB connected successfully
2026-03-03 15:58:48 [info]: [server]: Server is running at http://localhost:5000
2026-03-03 15:58:49 [info]: MongoDB connected successfully
2026-03-03 15:59:44 [info]: Processing audio consultation for user user_3AOiAiZXPMeFnxKB1D8N1NiBTnD in Hindi
2026-03-03 15:59:46 [info]: Processing text consultation for user user_3AOiAiZXPMeFnxKB1D8N1NiBTnD in Hindi
2026-03-03 15:59:50 [info]: Translating response back to Hindi for user user_3AOiAiZXPMeFnxKB1D8N1NiBTnD
2026-03-03 15:59:52 [info]: Generating TTS audio response in Hindi
2026-03-03 16:47:31 [info]: Processing audio consultation for user user_3AOiAiZXPMeFnxKB1D8N1NiBTnD in Gujarati
2026-03-03 16:47:33 [info]: Processing text consultation for user user_3AOiAiZXPMeFnxKB1D8N1NiBTnD in Gujarati
2026-03-03 16:47:39 [info]: Translating response back to Gujarati for user user_3AOiAiZXPMeFnxKB1D8N1NiBTnD
2026-03-03 16:47:41 [info]: Generating TTS audio response in Gujarati
2026-03-03 17:01:42 [info]: Processing audio consultation for user user_3AOiAiZXPMeFnxKB1D8N1NiBTnD in Gujarati
2026-03-03 17:01:51 [error]: Sarvam STT SDK Error:
2026-03-03 17:01:51 [error]: Failed to convert speech to text
2026-03-03 17:16:46 [info]: [server]: Server is running at http://localhost:5000
2026-03-03 17:16:47 [info]: MongoDB connected successfully
2026-03-03 17:16:55 [info]: [server]: Server is running at http://localhost:5000
2026-03-03 17:16:55 [info]: MongoDB connected successfully
2026-03-03 17:17:17 [info]: [server]: Server is running at http://localhost:5000
2026-03-03 17:17:18 [info]: MongoDB connected successfully
2026-03-03 17:17:47 [info]: Processing text consultation for user user_3AOiAiZXPMeFnxKB1D8N1NiBTnD in English
2026-03-03 17:18:14 [info]: Processing audio consultation for user user_3AOiAiZXPMeFnxKB1D8N1NiBTnD in English
2026-03-03 17:18:16 [info]: Processing text consultation for user user_3AOiAiZXPMeFnxKB1D8N1NiBTnD in English
2026-03-03 17:18:20 [info]: Generating TTS audio response in English
2026-03-03 17:19:01 [info]: Processing audio consultation for user user_3AOiAiZXPMeFnxKB1D8N1NiBTnD in Hindi
2026-03-03 17:19:03 [info]: Processing text consultation for user user_3AOiAiZXPMeFnxKB1D8N1NiBTnD in Hindi
2026-03-03 17:19:07 [info]: Translating response back to Hindi for user user_3AOiAiZXPMeFnxKB1D8N1NiBTnD
2026-03-03 17:19:09 [info]: Generating TTS audio response in Hindi
2026-03-03 18:42:12 [info]: [server]: Server is running at http://localhost:5000
2026-03-03 18:42:13 [info]: MongoDB connected successfully
2026-03-03 23:39:57 [info]: [server]: Server is running at http://localhost:5000
2026-03-03 23:39:57 [info]: MongoDB connected successfully
